  DepthCamera.cpp
C:\Users\CXXX\source\repos\Point Cloud Procces\Point Cloud Procces\Transform.h(10,9): fatal error C1083: Cannot open include file: 'Eigen/Dense': No such file or directory
  DepthCameraTest.cpp
C:\Users\CXXX\source\repos\Point Cloud Procces\Point Cloud Procces\Transform.h(10,9): fatal error C1083: Cannot open include file: 'Eigen/Dense': No such file or directory
  FilterPipeTEST.cpp
C:\Users\CXXX\source\repos\Point Cloud Procces\Point Cloud Procces\Transform.h(10,9): fatal error C1083: Cannot open include file: 'Eigen/Dense': No such file or directory
  Main.cpp
C:\Users\CXXX\source\repos\Point Cloud Procces\Point Cloud Procces\Transform.h(10,9): fatal error C1083: Cannot open include file: 'Eigen/Dense': No such file or directory
  PassThroughFilter.cpp
C:\Users\CXXX\source\repos\Point Cloud Procces\Point Cloud Procces\Transform.h(10,9): fatal error C1083: Cannot open include file: 'Eigen/Dense': No such file or directory
  PassThroughFilterTEST.cpp
C:\Users\CXXX\source\repos\Point Cloud Procces\Point Cloud Procces\Transform.h(10,9): fatal error C1083: Cannot open include file: 'Eigen/Dense': No such file or directory
  PointCloudGenerator.cpp
C:\Users\CXXX\source\repos\Point Cloud Procces\Point Cloud Procces\Transform.h(10,9): fatal error C1083: Cannot open include file: 'Eigen/Dense': No such file or directory
  PointCloudInterface.cpp
C:\Users\CXXX\source\repos\Point Cloud Procces\Point Cloud Procces\Transform.h(10,9): fatal error C1083: Cannot open include file: 'Eigen/Dense': No such file or directory
  PointCloudRecorderTest.cpp
C:\Users\CXXX\source\repos\Point Cloud Procces\Point Cloud Procces\Transform.h(10,9): fatal error C1083: Cannot open include file: 'Eigen/Dense': No such file or directory
  RadiusOutlierFilter.cpp
C:\Users\CXXX\source\repos\Point Cloud Procces\Point Cloud Procces\Transform.h(10,9): fatal error C1083: Cannot open include file: 'Eigen/Dense': No such file or directory
  TestPoint.cpp
C:\Users\CXXX\source\repos\Point Cloud Procces\Point Cloud Procces\Transform.h(10,9): fatal error C1083: Cannot open include file: 'Eigen/Dense': No such file or directory
  TestRadiusOutlierFilter.cpp
C:\Users\CXXX\source\repos\Point Cloud Procces\Point Cloud Procces\Transform.h(10,9): fatal error C1083: Cannot open include file: 'Eigen/Dense': No such file or directory
  Transform.cpp
C:\Users\CXXX\source\repos\Point Cloud Procces\Point Cloud Procces\Transform.h(10,9): fatal error C1083: Cannot open include file: 'Eigen/Dense': No such file or directory
  TransformTEST.cpp
C:\Users\CXXX\source\repos\Point Cloud Procces\Point Cloud Procces\Transform.h(10,9): fatal error C1083: Cannot open include file: 'Eigen/Dense': No such file or directory
